\BOOKMARK [0][-]{chapter*.3}{List of Figures}{}% 1
\BOOKMARK [0][-]{chapter*.4}{List of Tables}{}% 2
\BOOKMARK [0][-]{chapter*.5}{Acknowledgments}{}% 3
\BOOKMARK [0][-]{chapter..1}{Introduction}{}% 4
\BOOKMARK [1][-]{section..1.1}{Parallel activation at the lexical level}{chapter..1}% 5
\BOOKMARK [1][-]{section..1.2}{Models of bilingual word recognition}{chapter..1}% 6
\BOOKMARK [1][-]{section..1.3}{Constraints on language co-activation}{chapter..1}% 7
\BOOKMARK [2][-]{subsection..1.3.1}{Aspects of lexical form}{section..1.3}% 8
\BOOKMARK [2][-]{subsection..1.3.2}{Aspects of language context}{section..1.3}% 9
\BOOKMARK [1][-]{section..1.4}{What about the syntax?}{chapter..1}% 10
\BOOKMARK [0][-]{chapter..2}{General directions and methods}{}% 11
\BOOKMARK [1][-]{section..2.1}{Participants}{chapter..2}% 12
\BOOKMARK [1][-]{section..2.2}{Word naming tasks}{chapter..2}% 13
\BOOKMARK [2][-]{subsection..2.2.1}{Selection of target words}{section..2.2}% 14
\BOOKMARK [2][-]{subsection..2.2.2}{Out of context word naming}{section..2.2}% 15
\BOOKMARK [2][-]{subsection..2.2.3}{Word naming in sentence context}{section..2.2}% 16
\BOOKMARK [1][-]{section..2.3}{Cognitive tasks}{chapter..2}% 17
\BOOKMARK [2][-]{subsection..2.3.1}{Automated operation-span}{section..2.3}% 18
\BOOKMARK [2][-]{subsection..2.3.2}{AX continuous performance task \(AXCPT\)}{section..2.3}% 19
\BOOKMARK [2][-]{subsection..2.3.3}{Flanker Task}{section..2.3}% 20
\BOOKMARK [1][-]{section..2.4}{Linguistic tasks}{chapter..2}% 21
\BOOKMARK [2][-]{subsection..2.4.1}{Spanish and English picture naming tasks}{section..2.4}% 22
\BOOKMARK [2][-]{subsection..2.4.2}{Grammar tasks}{section..2.4}% 23
\BOOKMARK [1][-]{section..2.5}{Confederate picture description task}{chapter..2}% 24
\BOOKMARK [2][-]{subsection..2.5.1}{Selection of materials}{section..2.5}% 25
\BOOKMARK [2][-]{subsection..2.5.2}{Procedure}{section..2.5}% 26
\BOOKMARK [1][-]{section..2.6}{Analyses}{chapter..2}% 27
\BOOKMARK [0][-]{chapter..3}{Norming studies: Word naming outside of sentence context}{}% 28
\BOOKMARK [1][-]{section..3.1}{Introduction}{chapter..3}% 29
\BOOKMARK [1][-]{section..3.2}{Experiment 1: Monolinguals out-of-context}{chapter..3}% 30
\BOOKMARK [2][-]{subsection..3.2.1}{Methods}{section..3.2}% 31
\BOOKMARK [3][-]{subsubsection..3.2.1.1}{Participants}{subsection..3.2.1}% 32
\BOOKMARK [3][-]{subsubsection..3.2.1.2}{Materials}{subsection..3.2.1}% 33
\BOOKMARK [3][-]{subsubsection..3.2.1.3}{Procedure}{subsection..3.2.1}% 34
\BOOKMARK [2][-]{subsection..3.2.2}{Results and Discussion}{section..3.2}% 35
\BOOKMARK [1][-]{section..3.3}{Experiment 2: Bilinguals}{chapter..3}% 36
\BOOKMARK [2][-]{subsection..3.3.1}{Methods}{section..3.3}% 37
\BOOKMARK [3][-]{subsubsection..3.3.1.1}{Participants}{subsection..3.3.1}% 38
\BOOKMARK [3][-]{subsubsection..3.3.1.2}{Materials}{subsection..3.3.1}% 39
\BOOKMARK [3][-]{subsubsection..3.3.1.3}{Procedure}{subsection..3.3.1}% 40
\BOOKMARK [2][-]{subsection..3.3.2}{Results and Discussion}{section..3.3}% 41
\BOOKMARK [1][-]{section..3.4}{General Discussion}{chapter..3}% 42
\BOOKMARK [0][-]{chapter..4}{What about the syntax? Bilingual word recognition in sentence context}{}% 43
\BOOKMARK [1][-]{section..4.1}{Introduction}{chapter..4}% 44
\BOOKMARK [2][-]{subsection..4.1.1}{Evidence for parallel activation}{section..4.1}% 45
\BOOKMARK [2][-]{subsection..4.1.2}{Are there constraints?}{section..4.1}% 46
\BOOKMARK [2][-]{subsection..4.1.3}{Co-activation at the syntactic level}{section..4.1}% 47
\BOOKMARK [2][-]{subsection..4.1.4}{Syntactic influences on lexical co-activation}{section..4.1}% 48
\BOOKMARK [2][-]{subsection..4.1.5}{The present study}{section..4.1}% 49
\BOOKMARK [1][-]{section..4.2}{Experiment 1: Spanish-English bilinguals out-of-context}{chapter..4}% 50
\BOOKMARK [2][-]{subsection..4.2.1}{Methods}{section..4.2}% 51
\BOOKMARK [3][-]{subsubsection..4.2.1.1}{Participants}{subsection..4.2.1}% 52
\BOOKMARK [3][-]{subsubsection..4.2.1.2}{Materials}{subsection..4.2.1}% 53
\BOOKMARK [4][-]{paragraph..4.2.1.2.1}{Monolingual control experiment}{subsubsection..4.2.1.2}% 54
\BOOKMARK [3][-]{subsubsection..4.2.1.3}{Procedure}{subsection..4.2.1}% 55
\BOOKMARK [2][-]{subsection..4.2.2}{Results and Discussion}{section..4.2}% 56
\BOOKMARK [1][-]{section..4.3}{Experiment 2: Spanish-English bilinguals in-context}{chapter..4}% 57
\BOOKMARK [2][-]{subsection..4.3.1}{Methods}{section..4.3}% 58
\BOOKMARK [3][-]{subsubsection..4.3.1.1}{Participants}{subsection..4.3.1}% 59
\BOOKMARK [3][-]{subsubsection..4.3.1.2}{Materials}{subsection..4.3.1}% 60
\BOOKMARK [3][-]{subsubsection..4.3.1.3}{Procedure}{subsection..4.3.1}% 61
\BOOKMARK [2][-]{subsection..4.3.2}{Results}{section..4.3}% 62
\BOOKMARK [3][-]{subsubsection..4.3.2.1}{Cognate analysis}{subsection..4.3.2}% 63
\BOOKMARK [3][-]{subsubsection..4.3.2.2}{Homograph analysis}{subsection..4.3.2}% 64
\BOOKMARK [3][-]{subsubsection..4.3.2.3}{Reanalysis of Experiments 1 and 2}{subsection..4.3.2}% 65
\BOOKMARK [4][-]{paragraph..4.3.2.3.1}{Reanalysis of Experiment 1: Spanish-English bilinguals out-of-context}{subsubsection..4.3.2.3}% 66
\BOOKMARK [4][-]{paragraph..4.3.2.3.2}{Reanalysis of Experiment 2: Spanish-English bilinguals in-context}{subsubsection..4.3.2.3}% 67
\BOOKMARK [3][-]{subsubsection..4.3.2.4}{Discussion}{subsection..4.3.2}% 68
\BOOKMARK [1][-]{section..4.4}{General Discussion}{chapter..4}% 69
\BOOKMARK [2][-]{subsection..4.4.1}{Influences of syntactic context}{section..4.4}% 70
\BOOKMARK [2][-]{subsection..4.4.2}{Influences of language proficiency}{section..4.4}% 71
\BOOKMARK [2][-]{subsection..4.4.3}{Influences of executive control}{section..4.4}% 72
\BOOKMARK [2][-]{subsection..4.4.4}{Implications for models of word recognition}{section..4.4}% 73
\BOOKMARK [1][-]{section..4.5}{Conclusion}{chapter..4}% 74
\BOOKMARK [0][-]{chapter..5}{Representation of bilingual syntax: The role of word order}{}% 75
\BOOKMARK [1][-]{section..5.1}{Introduction}{chapter..5}% 76
\BOOKMARK [2][-]{subsection..5.1.1}{The role of word order overlap}{section..5.1}% 77
\BOOKMARK [2][-]{subsection..5.1.2}{The present study}{section..5.1}% 78
\BOOKMARK [1][-]{section..5.2}{Methods}{chapter..5}% 79
\BOOKMARK [2][-]{subsection..5.2.1}{Participants}{section..5.2}% 80
\BOOKMARK [2][-]{subsection..5.2.2}{Materials}{section..5.2}% 81
\BOOKMARK [2][-]{subsection..5.2.3}{Procedure}{section..5.2}% 82
\BOOKMARK [1][-]{section..5.3}{Scoring}{chapter..5}% 83
\BOOKMARK [1][-]{section..5.4}{Analysis}{chapter..5}% 84
\BOOKMARK [1][-]{section..5.5}{Results}{chapter..5}% 85
\BOOKMARK [1][-]{section..5.6}{General Discussion}{chapter..5}% 86
\BOOKMARK [2][-]{subsection..5.6.1}{Novel stimuli}{section..5.6}% 87
\BOOKMARK [2][-]{subsection..5.6.2}{Implicit learning}{section..5.6}% 88
\BOOKMARK [2][-]{subsection..5.6.3}{Extension of Spanish studies}{section..5.6}% 89
\BOOKMARK [2][-]{subsection..5.6.4}{Language specific representations}{section..5.6}% 90
\BOOKMARK [1][-]{section..5.7}{Conclusion}{chapter..5}% 91
\BOOKMARK [0][-]{chapter..6}{General discussion and conclusions}{}% 92
\BOOKMARK [1][-]{section..6.1}{Summary of results}{chapter..6}% 93
\BOOKMARK [2][-]{subsection..6.1.1}{Summary of results from Chapter 3}{section..6.1}% 94
\BOOKMARK [2][-]{subsection..6.1.2}{Summary of results from Chapter 4}{section..6.1}% 95
\BOOKMARK [2][-]{subsection..6.1.3}{Summary of results from Chapter 5}{section..6.1}% 96
\BOOKMARK [1][-]{section..6.2}{Conclusion}{chapter..6}% 97
\BOOKMARK [0][-]{section..6.2}{Bibliography}{}% 98
