This is pdfTeX, Version 3.14159265-2.6-1.40.15 (TeX Live 2015/dev/Debian) (preloaded format=pdflatex 2015.2.13)  19 JUL 2015 14:53
entering extended mode
 restricted \write18 enabled.
 %&-line parsing enabled.
**syntax.tex
(/usr/share/texlive/texmf-dist/tex/latex/syntax/syntax.tex
LaTeX2e <2014/05/01>
Babel <3.9l> and hyphenation patterns for 79 languages loaded.
Verwende: 'syntax.tex' v0.02 von Bernd Worsch
\breite=\skip41
\hoehe=\skip42
\tiefe=\skip43
\gesamthoehe=\skip44
\tmpLength=\skip45
\Messbox=\box26
\LineLengStan=\skip46
\LineThikStan=\skip47
\Centerbox=\box27
\Centercor=\skip48
\VertSkipStan=\skip49
\upperbox=\box28
\lowerbox=\box29
\togetherbox=\box30
\VertLineLength=\skip50
\VertSkip=\skip51
\upperVertLineLength=\skip52
\lowerVertLineLength=\skip53
\tabulcor=\skip54
)
*X

! LaTeX Error: Missing \begin{document}.

See the LaTeX manual or LaTeX Companion for explanation.
Type  H <return>  for immediate help.
 ...                                              
                                                  
<*> X
     
? 
! Emergency stop.
 ...                                              
                                                  
<*> X
     
You're in trouble here.  Try typing  <return>  to proceed.
If that doesn't work, type  X <return>  to quit.

 
Here is how much of TeX's memory you used:
 56 strings out of 493105
 827 string characters out of 6137072
 53298 words of memory out of 5000000
 3619 multiletter control sequences out of 15000+600000
 3640 words of font info for 14 fonts, out of 8000000 for 9000
 1141 hyphenation exceptions out of 8191
 9i,0n,10p,88b,14s stack positions out of 5000i,500n,10000p,200000b,80000s
!  ==> Fatal error occurred, no output PDF file produced!
